ERROR - 2023-09-08 05:08:22 --> Error connecting to the database: mysqli_sql_exception: No connection could be made because the target machine actively refused it in C:\xampp\htdocs\codeigniter-4\system\Database\MySQLi\Connection.php:184
Stack trace:
#0 C:\xampp\htdocs\codeigniter-4\system\Database\MySQLi\Connection.php(184): mysqli->real_connect('localhost', 'root', Object(SensitiveParameterValue), 'codeignter4', 3306, '', 0)
#1 C:\xampp\htdocs\codeigniter-4\system\Database\BaseConnection.php(391): CodeIgniter\Database\MySQLi\Connection->connect(false)
#2 C:\xampp\htdocs\codeigniter-4\system\Database\BaseConnection.php(574): CodeIgniter\Database\BaseConnection->initialize()
#3 C:\xampp\htdocs\codeigniter-4\system\Database\BaseBuilder.php(1615): CodeIgniter\Database\BaseConnection->query('SELECT *\nFROM `...', Array, false)
#4 C:\xampp\htdocs\codeigniter-4\system\Model.php(264): CodeIgniter\Database\BaseBuilder->get()
#5 C:\xampp\htdocs\codeigniter-4\system\BaseModel.php(662): CodeIgniter\Model->doFirst()
#6 C:\xampp\htdocs\codeigniter-4\app\Controllers\Users_info.php(40): CodeIgniter\BaseModel->first()
#7 C:\xampp\htdocs\codeigniter-4\system\CodeIgniter.php(919): App\Controllers\Users_info->loginAuth()
#8 C:\xampp\htdocs\codeigniter-4\system\CodeIgniter.php(494): CodeIgniter\CodeIgniter->runController(Object(App\Controllers\Users_info))
#9 C:\xampp\htdocs\codeigniter-4\system\CodeIgniter.php(353): CodeIgniter\CodeIgniter->handleRequest(NULL, Object(Config\Cache), false)
#10 C:\xampp\htdocs\codeigniter-4\index.php(79): CodeIgniter\CodeIgniter->run()
#11 {main}

Next CodeIgniter\Database\Exceptions\DatabaseException: No connection could be made because the target machine actively refused it in C:\xampp\htdocs\codeigniter-4\system\Database\MySQLi\Connection.php:229
Stack trace:
#0 C:\xampp\htdocs\codeigniter-4\system\Database\BaseConnection.php(391): CodeIgniter\Database\MySQLi\Connection->connect(false)
#1 C:\xampp\htdocs\codeigniter-4\system\Database\BaseConnection.php(574): CodeIgniter\Database\BaseConnection->initialize()
#2 C:\xampp\htdocs\codeigniter-4\system\Database\BaseBuilder.php(1615): CodeIgniter\Database\BaseConnection->query('SELECT *\nFROM `...', Array, false)
#3 C:\xampp\htdocs\codeigniter-4\system\Model.php(264): CodeIgniter\Database\BaseBuilder->get()
#4 C:\xampp\htdocs\codeigniter-4\system\BaseModel.php(662): CodeIgniter\Model->doFirst()
#5 C:\xampp\htdocs\codeigniter-4\app\Controllers\Users_info.php(40): CodeIgniter\BaseModel->first()
#6 C:\xampp\htdocs\codeigniter-4\system\CodeIgniter.php(919): App\Controllers\Users_info->loginAuth()
#7 C:\xampp\htdocs\codeigniter-4\system\CodeIgniter.php(494): CodeIgniter\CodeIgniter->runController(Object(App\Controllers\Users_info))
#8 C:\xampp\htdocs\codeigniter-4\system\CodeIgniter.php(353): CodeIgniter\CodeIgniter->handleRequest(NULL, Object(Config\Cache), false)
#9 C:\xampp\htdocs\codeigniter-4\index.php(79): CodeIgniter\CodeIgniter->run()
#10 {main}
CRITICAL - 2023-09-08 05:08:22 --> Unable to connect to the database.
Main connection [MySQLi]: No connection could be made because the target machine actively refused it
in SYSTEMPATH\Database\BaseConnection.php on line 427.
 1 SYSTEMPATH\Database\BaseConnection.php(574): CodeIgniter\Database\BaseConnection->initialize()
 2 SYSTEMPATH\Database\BaseBuilder.php(1615): CodeIgniter\Database\BaseConnection->query('SELECT *
FROM `users_info`
WHERE `email_address` = :email_address:
 LIMIT 1', [...], false)
 3 SYSTEMPATH\Model.php(264): CodeIgniter\Database\BaseBuilder->get()
 4 SYSTEMPATH\BaseModel.php(662): CodeIgniter\Model->doFirst()
 5 APPPATH\Controllers\Users_info.php(40): CodeIgniter\BaseModel->first()
 6 SYSTEMPATH\CodeIgniter.php(919): App\Controllers\Users_info->loginAuth()
 7 SYSTEMPATH\CodeIgniter.php(494): CodeIgniter\CodeIgniter->runController(Object(App\Controllers\Users_info))
 8 SYSTEMPATH\CodeIgniter.php(353): CodeIgniter\CodeIgniter->handleRequest(null, Object(Config\Cache), false)
 9 FCPATH\index.php(79): CodeIgniter\CodeIgniter->run()
CRITICAL - 2023-09-08 08:06:43 --> Undefined variable $add_edit
in APPPATH\Views\dashboard\pages\grid.php on line 171.
 1 APPPATH\Views\dashboard\pages\grid.php(171): CodeIgniter\Debug\Exceptions->errorHandler(2, 'Undefined variable $add_edit', 'C:\\xampp\\htdocs\\codeigniter-4\\app\\Views\\dashboard\\pages\\grid.php', 171)
 2 SYSTEMPATH\View\View.php(226): include('C:\\xampp\\htdocs\\codeigniter-4\\app\\Views\\dashboard\\pages\\grid.php')
 3 SYSTEMPATH\View\View.php(229): CodeIgniter\View\View->CodeIgniter\View\{closure}()
 4 SYSTEMPATH\Common.php(1188): CodeIgniter\View\View->render('dashboard/pages/grid', [], true)
 5 APPPATH\Views\includes\side_bar.php(24): view('dashboard/pages/grid')
 6 SYSTEMPATH\View\View.php(226): include('C:\\xampp\\htdocs\\codeigniter-4\\app\\Views\\includes\\side_bar.php')
 7 SYSTEMPATH\View\View.php(229): CodeIgniter\View\View->CodeIgniter\View\{closure}()
 8 SYSTEMPATH\Common.php(1188): CodeIgniter\View\View->render('includes/side_bar', [], true)
 9 APPPATH\Views\grid_layout.php(5): view('includes/side_bar')
10 SYSTEMPATH\View\View.php(226): include('C:\\xampp\\htdocs\\codeigniter-4\\app\\Views\\grid_layout.php')
11 SYSTEMPATH\View\View.php(229): CodeIgniter\View\View->CodeIgniter\View\{closure}()
12 SYSTEMPATH\Common.php(1188): CodeIgniter\View\View->render('grid_layout', [], true)
13 APPPATH\Controllers\Dashboard.php(15): view('grid_layout', [...])
14 SYSTEMPATH\CodeIgniter.php(919): App\Controllers\Dashboard->view()
15 SYSTEMPATH\CodeIgniter.php(494): CodeIgniter\CodeIgniter->runController(Object(App\Controllers\Dashboard))
16 SYSTEMPATH\CodeIgniter.php(353): CodeIgniter\CodeIgniter->handleRequest(null, Object(Config\Cache), false)
17 FCPATH\index.php(79): CodeIgniter\CodeIgniter->run()
